<?xml version="1.0" encoding="UTF-8"?>
<testsuites>
  <testsuite name="Potato ORM Test Suite" tests="6" assertions="6" failures="0" errors="0" time="0.274473">
    <testsuite name="Laztopaz\potatoORM\Test\TestDatabaseConnection" file="/Users/andeladev/Code/potato-ORM/test/DatabaseConnectionTest.php" tests="6" assertions="6" failures="0" errors="0" time="0.274473">
      <testcase name="testCreateTable" class="Laztopaz\potatoORM\Test\TestDatabaseConnection" file="/Users/andeladev/Code/potato-ORM/test/DatabaseConnectionTest.php" line="45" assertions="1" time="0.171305"/>
      <testcase name="testGetColumnNames" class="Laztopaz\potatoORM\Test\TestDatabaseConnection" file="/Users/andeladev/Code/potato-ORM/test/DatabaseConnectionTest.php" line="59" assertions="1" time="0.003566"/>
      <testcase name="testDeleteRecord" class="Laztopaz\potatoORM\Test\TestDatabaseConnection" file="/Users/andeladev/Code/potato-ORM/test/DatabaseConnectionTest.php" line="82" assertions="1" time="0.002818"/>
      <testcase name="testInsertData" class="Laztopaz\potatoORM\Test\TestDatabaseConnection" file="/Users/andeladev/Code/potato-ORM/test/DatabaseConnectionTest.php" line="98" assertions="1" time="0.002719"/>
      <testcase name="testReadAll" class="Laztopaz\potatoORM\Test\TestDatabaseConnection" file="/Users/andeladev/Code/potato-ORM/test/DatabaseConnectionTest.php" line="114" assertions="1" time="0.090246"/>
      <testcase name="testReadSingleRecord" class="Laztopaz\potatoORM\Test\TestDatabaseConnection" file="/Users/andeladev/Code/potato-ORM/test/DatabaseConnectionTest.php" line="150" assertions="1" time="0.003819"/>
    </testsuite>
  </testsuite>
</testsuites>
